/uolstore/home/users/sc21e2k/ros2_ws/src/ros2_project_sc21e2k/install/ros2_project_sc21e2k/lib/python3.10/site-packages/ros2_project_sc21e2k/Skeleton_Code_First_Step.py
/uolstore/home/users/sc21e2k/ros2_ws/src/ros2_project_sc21e2k/install/ros2_project_sc21e2k/lib/python3.10/site-packages/ros2_project_sc21e2k/Skeleton_Code_Fourth_Step.py
/uolstore/home/users/sc21e2k/ros2_ws/src/ros2_project_sc21e2k/install/ros2_project_sc21e2k/lib/python3.10/site-packages/ros2_project_sc21e2k/Skeleton_Code_Second_Step.py
/uolstore/home/users/sc21e2k/ros2_ws/src/ros2_project_sc21e2k/install/ros2_project_sc21e2k/lib/python3.10/site-packages/ros2_project_sc21e2k/Skeleton_Code_Third_Step.py
/uolstore/home/users/sc21e2k/ros2_ws/src/ros2_project_sc21e2k/install/ros2_project_sc21e2k/lib/python3.10/site-packages/ros2_project_sc21e2k/__init__.py
/uolstore/home/users/sc21e2k/ros2_ws/src/ros2_project_sc21e2k/install/ros2_project_sc21e2k/lib/python3.10/site-packages/ros2_project_sc21e2k/first_step.py
/uolstore/home/users/sc21e2k/ros2_ws/src/ros2_project_sc21e2k/install/ros2_project_sc21e2k/lib/python3.10/site-packages/ros2_project_sc21e2k/__pycache__/Skeleton_Code_First_Step.cpython-310.pyc
/uolstore/home/users/sc21e2k/ros2_ws/src/ros2_project_sc21e2k/install/ros2_project_sc21e2k/lib/python3.10/site-packages/ros2_project_sc21e2k/__pycache__/Skeleton_Code_Fourth_Step.cpython-310.pyc
/uolstore/home/users/sc21e2k/ros2_ws/src/ros2_project_sc21e2k/install/ros2_project_sc21e2k/lib/python3.10/site-packages/ros2_project_sc21e2k/__pycache__/Skeleton_Code_Second_Step.cpython-310.pyc
/uolstore/home/users/sc21e2k/ros2_ws/src/ros2_project_sc21e2k/install/ros2_project_sc21e2k/lib/python3.10/site-packages/ros2_project_sc21e2k/__pycache__/Skeleton_Code_Third_Step.cpython-310.pyc
/uolstore/home/users/sc21e2k/ros2_ws/src/ros2_project_sc21e2k/install/ros2_project_sc21e2k/lib/python3.10/site-packages/ros2_project_sc21e2k/__pycache__/__init__.cpython-310.pyc
/uolstore/home/users/sc21e2k/ros2_ws/src/ros2_project_sc21e2k/install/ros2_project_sc21e2k/lib/python3.10/site-packages/ros2_project_sc21e2k/__pycache__/first_step.cpython-310.pyc
/uolstore/home/users/sc21e2k/ros2_ws/src/ros2_project_sc21e2k/install/ros2_project_sc21e2k/share/ament_index/resource_index/packages/ros2_project_sc21e2k
/uolstore/home/users/sc21e2k/ros2_ws/src/ros2_project_sc21e2k/install/ros2_project_sc21e2k/share/ros2_project_sc21e2k/package.xml
/uolstore/home/users/sc21e2k/ros2_ws/src/ros2_project_sc21e2k/install/ros2_project_sc21e2k/lib/python3.10/site-packages/ros2_project_sc21e2k-0.0.0-py3.10.egg-info/PKG-INFO
/uolstore/home/users/sc21e2k/ros2_ws/src/ros2_project_sc21e2k/install/ros2_project_sc21e2k/lib/python3.10/site-packages/ros2_project_sc21e2k-0.0.0-py3.10.egg-info/zip-safe
/uolstore/home/users/sc21e2k/ros2_ws/src/ros2_project_sc21e2k/install/ros2_project_sc21e2k/lib/python3.10/site-packages/ros2_project_sc21e2k-0.0.0-py3.10.egg-info/dependency_links.txt
/uolstore/home/users/sc21e2k/ros2_ws/src/ros2_project_sc21e2k/install/ros2_project_sc21e2k/lib/python3.10/site-packages/ros2_project_sc21e2k-0.0.0-py3.10.egg-info/entry_points.txt
/uolstore/home/users/sc21e2k/ros2_ws/src/ros2_project_sc21e2k/install/ros2_project_sc21e2k/lib/python3.10/site-packages/ros2_project_sc21e2k-0.0.0-py3.10.egg-info/requires.txt
/uolstore/home/users/sc21e2k/ros2_ws/src/ros2_project_sc21e2k/install/ros2_project_sc21e2k/lib/python3.10/site-packages/ros2_project_sc21e2k-0.0.0-py3.10.egg-info/top_level.txt
/uolstore/home/users/sc21e2k/ros2_ws/src/ros2_project_sc21e2k/install/ros2_project_sc21e2k/lib/python3.10/site-packages/ros2_project_sc21e2k-0.0.0-py3.10.egg-info/SOURCES.txt
/uolstore/home/users/sc21e2k/ros2_ws/src/ros2_project_sc21e2k/install/ros2_project_sc21e2k/lib/ros2_project_sc21e2k/first_step
