[1.286s] DEBUG:colcon:Command line arguments: ['/usr/bin/colcon', 'build']
[1.286s] DEBUG:colcon:Parsed command line arguments: Namespace(log_base=None, log_level=None, verb_name='build', build_base='build', install_base='install', merge_install=False, symlink_install=False, test_result_base=None, continue_on_error=False, executor='parallel', parallel_workers=16, event_handlers=None, ignore_user_meta=False, metas=['./colcon.meta'], base_paths=['.'], packages_ignore=None, packages_ignore_regex=None, paths=None, packages_up_to=None, packages_up_to_regex=None, packages_above=None, packages_above_and_dependencies=None, packages_above_depth=None, packages_select_by_dep=None, packages_skip_by_dep=None, packages_skip_up_to=None, packages_select_build_failed=False, packages_skip_build_finished=False, packages_select_test_failures=False, packages_skip_test_passed=False, packages_select=None, packages_skip=None, packages_select_regex=None, packages_skip_regex=None, packages_start=None, packages_end=None, allow_overriding=[], cmake_args=None, cmake_target=None, cmake_target_skip_unavailable=False, cmake_clean_cache=False, cmake_clean_first=False, cmake_force_configure=False, ament_cmake_args=None, catkin_cmake_args=None, catkin_skip_building_tests=False, verb_parser=<colcon_defaults.argument_parser.defaults.DefaultArgumentsDecorator object at 0x7f07a0689c30>, verb_extension=<colcon_core.verb.build.BuildVerb object at 0x7f07a08e8b20>, main=<bound method BuildVerb.main of <colcon_core.verb.build.BuildVerb object at 0x7f07a08e8b20>>)
[1.343s] Level 1:colcon.colcon_core.package_discovery:discover_packages(colcon_meta) check parameters
[1.343s] Level 1:colcon.colcon_core.package_discovery:discover_packages(recursive) check parameters
[1.343s] Level 1:colcon.colcon_core.package_discovery:discover_packages(ignore) check parameters
[1.343s] Level 1:colcon.colcon_core.package_discovery:discover_packages(path) check parameters
[1.344s] Level 1:colcon.colcon_core.package_discovery:discover_packages(colcon_meta) discover
[1.344s] Level 1:colcon.colcon_core.package_discovery:discover_packages(recursive) discover
[1.344s] INFO:colcon.colcon_core.package_discovery:Crawling recursively for packages in '/uolstore/home/users/sc21e2k/ros2_ws/src/ros2_project_sc21e2k'
[1.344s] Level 1:colcon.colcon_core.package_identification:_identify(.) by extensions ['ignore', 'ignore_ament_install']
[1.345s] Level 1:colcon.colcon_core.package_identification:_identify(.) by extension 'ignore'
[1.345s] Level 1:colcon.colcon_core.package_identification:_identify(.) by extension 'ignore_ament_install'
[1.345s] Level 1:colcon.colcon_core.package_identification:_identify(.) by extensions ['colcon_pkg']
[1.345s] Level 1:colcon.colcon_core.package_identification:_identify(.) by extension 'colcon_pkg'
[1.345s] Level 1:colcon.colcon_core.package_identification:_identify(.) by extensions ['colcon_meta']
[1.345s] Level 1:colcon.colcon_core.package_identification:_identify(.) by extension 'colcon_meta'
[1.345s] Level 1:colcon.colcon_core.package_identification:_identify(.) by extensions ['ros']
[1.345s] Level 1:colcon.colcon_core.package_identification:_identify(.) by extension 'ros'
[1.355s] DEBUG:colcon.colcon_core.package_identification:Package '.' with type 'ros.ament_python' and name 'ros2_project_sc21e2k'
[1.355s] Level 1:colcon.colcon_core.package_discovery:discover_packages(recursive) using defaults
[1.355s] Level 1:colcon.colcon_core.package_discovery:discover_packages(ignore) discover
[1.355s] Level 1:colcon.colcon_core.package_discovery:discover_packages(ignore) using defaults
[1.356s] Level 1:colcon.colcon_core.package_discovery:discover_packages(path) discover
[1.356s] Level 1:colcon.colcon_core.package_discovery:discover_packages(path) using defaults
[1.470s] Level 1:colcon.colcon_core.package_discovery:discover_packages(prefix_path) check parameters
[1.470s] Level 1:colcon.colcon_core.package_discovery:discover_packages(prefix_path) discover
[1.549s] DEBUG:colcon.colcon_installed_package_information.package_discovery:Found 10 installed packages in /uolstore/home/users/sc21e2k/ros2_ws/install
[1.570s] DEBUG:colcon.colcon_installed_package_information.package_discovery:Found 383 installed packages in /opt/ros/humble
[1.578s] Level 1:colcon.colcon_core.package_discovery:discover_packages(prefix_path) using defaults
[1.697s] Level 5:colcon.colcon_core.verb:set package 'ros2_project_sc21e2k' build argument 'cmake_args' from command line to 'None'
[1.697s] Level 5:colcon.colcon_core.verb:set package 'ros2_project_sc21e2k' build argument 'cmake_target' from command line to 'None'
[1.697s] Level 5:colcon.colcon_core.verb:set package 'ros2_project_sc21e2k' build argument 'cmake_target_skip_unavailable' from command line to 'False'
[1.697s] Level 5:colcon.colcon_core.verb:set package 'ros2_project_sc21e2k' build argument 'cmake_clean_cache' from command line to 'False'
[1.697s] Level 5:colcon.colcon_core.verb:set package 'ros2_project_sc21e2k' build argument 'cmake_clean_first' from command line to 'False'
[1.697s] Level 5:colcon.colcon_core.verb:set package 'ros2_project_sc21e2k' build argument 'cmake_force_configure' from command line to 'False'
[1.697s] Level 5:colcon.colcon_core.verb:set package 'ros2_project_sc21e2k' build argument 'ament_cmake_args' from command line to 'None'
[1.697s] Level 5:colcon.colcon_core.verb:set package 'ros2_project_sc21e2k' build argument 'catkin_cmake_args' from command line to 'None'
[1.697s] Level 5:colcon.colcon_core.verb:set package 'ros2_project_sc21e2k' build argument 'catkin_skip_building_tests' from command line to 'False'
[1.697s] DEBUG:colcon.colcon_core.verb:Building package 'ros2_project_sc21e2k' with the following arguments: {'ament_cmake_args': None, 'build_base': '/uolstore/home/users/sc21e2k/ros2_ws/src/ros2_project_sc21e2k/build/ros2_project_sc21e2k', 'catkin_cmake_args': None, 'catkin_skip_building_tests': False, 'cmake_args': None, 'cmake_clean_cache': False, 'cmake_clean_first': False, 'cmake_force_configure': False, 'cmake_target': None, 'cmake_target_skip_unavailable': False, 'install_base': '/uolstore/home/users/sc21e2k/ros2_ws/src/ros2_project_sc21e2k/install/ros2_project_sc21e2k', 'merge_install': False, 'path': '/uolstore/home/users/sc21e2k/ros2_ws/src/ros2_project_sc21e2k', 'symlink_install': False, 'test_result_base': None}
[1.718s] INFO:colcon.colcon_core.executor:Executing jobs using 'parallel' executor
[1.739s] DEBUG:colcon.colcon_parallel_executor.executor.parallel:run_until_complete
[1.739s] INFO:colcon.colcon_ros.task.ament_python.build:Building ROS package in '/uolstore/home/users/sc21e2k/ros2_ws/src/ros2_project_sc21e2k' with build type 'ament_python'
[1.740s] Level 1:colcon.colcon_core.shell:create_environment_hook('ros2_project_sc21e2k', 'ament_prefix_path')
[1.762s] INFO:colcon.colcon_core.plugin_system:Skipping extension 'colcon_core.shell.bat': Not used on non-Windows systems
[1.762s] INFO:colcon.colcon_core.shell:Creating environment hook '/uolstore/home/users/sc21e2k/ros2_ws/src/ros2_project_sc21e2k/install/ros2_project_sc21e2k/share/ros2_project_sc21e2k/hook/ament_prefix_path.ps1'
[1.767s] INFO:colcon.colcon_core.shell:Creating environment descriptor '/uolstore/home/users/sc21e2k/ros2_ws/src/ros2_project_sc21e2k/install/ros2_project_sc21e2k/share/ros2_project_sc21e2k/hook/ament_prefix_path.dsv'
[1.770s] INFO:colcon.colcon_core.shell:Creating environment hook '/uolstore/home/users/sc21e2k/ros2_ws/src/ros2_project_sc21e2k/install/ros2_project_sc21e2k/share/ros2_project_sc21e2k/hook/ament_prefix_path.sh'
[1.793s] INFO:colcon.colcon_core.shell:Skip shell extension 'powershell' for command environment: Not usable outside of PowerShell
[1.793s] DEBUG:colcon.colcon_core.shell:Skip shell extension 'dsv' for command environment
[2.152s] INFO:colcon.colcon_core.task.python.build:Building Python package in '/uolstore/home/users/sc21e2k/ros2_ws/src/ros2_project_sc21e2k'
[2.172s] INFO:colcon.colcon_core.shell:Skip shell extension 'powershell' for command environment: Not usable outside of PowerShell
[2.172s] DEBUG:colcon.colcon_core.shell:Skip shell extension 'dsv' for command environment
[2.636s] DEBUG:colcon.colcon_core.event_handler.log_command:Invoking command in '/uolstore/home/users/sc21e2k/ros2_ws/src/ros2_project_sc21e2k': PYTHONPATH=/uolstore/home/users/sc21e2k/ros2_ws/src/ros2_project_sc21e2k/build/ros2_project_sc21e2k/prefix_override:/uolstore/home/users/sc21e2k/ros2_ws/src/ros2_project_sc21e2k/install/ros2_project_sc21e2k/lib/python3.10/site-packages:${PYTHONPATH} /usr/bin/python3 setup.py egg_info --egg-base build/ros2_project_sc21e2k build --build-base /uolstore/home/users/sc21e2k/ros2_ws/src/ros2_project_sc21e2k/build/ros2_project_sc21e2k/build install --record /uolstore/home/users/sc21e2k/ros2_ws/src/ros2_project_sc21e2k/build/ros2_project_sc21e2k/install.log --single-version-externally-managed
[3.070s] DEBUG:colcon.colcon_core.event_handler.log_command:Invoked command in '/uolstore/home/users/sc21e2k/ros2_ws/src/ros2_project_sc21e2k' returned '0': PYTHONPATH=/uolstore/home/users/sc21e2k/ros2_ws/src/ros2_project_sc21e2k/build/ros2_project_sc21e2k/prefix_override:/uolstore/home/users/sc21e2k/ros2_ws/src/ros2_project_sc21e2k/install/ros2_project_sc21e2k/lib/python3.10/site-packages:${PYTHONPATH} /usr/bin/python3 setup.py egg_info --egg-base build/ros2_project_sc21e2k build --build-base /uolstore/home/users/sc21e2k/ros2_ws/src/ros2_project_sc21e2k/build/ros2_project_sc21e2k/build install --record /uolstore/home/users/sc21e2k/ros2_ws/src/ros2_project_sc21e2k/build/ros2_project_sc21e2k/install.log --single-version-externally-managed
[3.092s] Level 1:colcon.colcon_core.environment:checking '/uolstore/home/users/sc21e2k/ros2_ws/src/ros2_project_sc21e2k/install/ros2_project_sc21e2k' for CMake module files
[3.095s] Level 1:colcon.colcon_core.environment:checking '/uolstore/home/users/sc21e2k/ros2_ws/src/ros2_project_sc21e2k/install/ros2_project_sc21e2k' for CMake config files
[3.104s] Level 1:colcon.colcon_core.environment:checking '/uolstore/home/users/sc21e2k/ros2_ws/src/ros2_project_sc21e2k/install/ros2_project_sc21e2k/lib'
[3.104s] Level 1:colcon.colcon_core.environment:checking '/uolstore/home/users/sc21e2k/ros2_ws/src/ros2_project_sc21e2k/install/ros2_project_sc21e2k/bin'
[3.105s] Level 1:colcon.colcon_core.environment:checking '/uolstore/home/users/sc21e2k/ros2_ws/src/ros2_project_sc21e2k/install/ros2_project_sc21e2k/lib/pkgconfig/ros2_project_sc21e2k.pc'
[3.105s] Level 1:colcon.colcon_core.environment:checking '/uolstore/home/users/sc21e2k/ros2_ws/src/ros2_project_sc21e2k/install/ros2_project_sc21e2k/lib/python3.10/site-packages'
[3.105s] Level 1:colcon.colcon_core.shell:create_environment_hook('ros2_project_sc21e2k', 'pythonpath')
[3.124s] INFO:colcon.colcon_core.shell:Creating environment hook '/uolstore/home/users/sc21e2k/ros2_ws/src/ros2_project_sc21e2k/install/ros2_project_sc21e2k/share/ros2_project_sc21e2k/hook/pythonpath.ps1'
[3.128s] INFO:colcon.colcon_core.shell:Creating environment descriptor '/uolstore/home/users/sc21e2k/ros2_ws/src/ros2_project_sc21e2k/install/ros2_project_sc21e2k/share/ros2_project_sc21e2k/hook/pythonpath.dsv'
[3.131s] INFO:colcon.colcon_core.shell:Creating environment hook '/uolstore/home/users/sc21e2k/ros2_ws/src/ros2_project_sc21e2k/install/ros2_project_sc21e2k/share/ros2_project_sc21e2k/hook/pythonpath.sh'
[3.135s] Level 1:colcon.colcon_core.environment:checking '/uolstore/home/users/sc21e2k/ros2_ws/src/ros2_project_sc21e2k/install/ros2_project_sc21e2k/bin'
[3.135s] Level 1:colcon.colcon_core.environment:create_environment_scripts_only(ros2_project_sc21e2k)
[3.156s] INFO:colcon.colcon_core.shell:Creating package script '/uolstore/home/users/sc21e2k/ros2_ws/src/ros2_project_sc21e2k/install/ros2_project_sc21e2k/share/ros2_project_sc21e2k/package.ps1'
[3.160s] INFO:colcon.colcon_core.shell:Creating package descriptor '/uolstore/home/users/sc21e2k/ros2_ws/src/ros2_project_sc21e2k/install/ros2_project_sc21e2k/share/ros2_project_sc21e2k/package.dsv'
[3.163s] INFO:colcon.colcon_core.shell:Creating package script '/uolstore/home/users/sc21e2k/ros2_ws/src/ros2_project_sc21e2k/install/ros2_project_sc21e2k/share/ros2_project_sc21e2k/package.sh'
[3.167s] INFO:colcon.colcon_core.shell:Creating package script '/uolstore/home/users/sc21e2k/ros2_ws/src/ros2_project_sc21e2k/install/ros2_project_sc21e2k/share/ros2_project_sc21e2k/package.bash'
[3.170s] INFO:colcon.colcon_core.shell:Creating package script '/uolstore/home/users/sc21e2k/ros2_ws/src/ros2_project_sc21e2k/install/ros2_project_sc21e2k/share/ros2_project_sc21e2k/package.zsh'
[3.174s] Level 1:colcon.colcon_core.environment:create_file_with_runtime_dependencies(/uolstore/home/users/sc21e2k/ros2_ws/src/ros2_project_sc21e2k/install/ros2_project_sc21e2k/share/colcon-core/packages/ros2_project_sc21e2k)
[3.175s] DEBUG:colcon.colcon_parallel_executor.executor.parallel:closing loop
[3.175s] DEBUG:colcon.colcon_parallel_executor.executor.parallel:loop closed
[3.176s] DEBUG:colcon.colcon_parallel_executor.executor.parallel:run_until_complete finished with '0'
[3.176s] DEBUG:colcon.colcon_core.event_reactor:joining thread
[3.205s] INFO:colcon.colcon_core.plugin_system:Skipping extension 'colcon_notification.desktop_notification.notify_send': Could not find 'notify-send'
[3.205s] INFO:colcon.colcon_core.plugin_system:Skipping extension 'colcon_notification.desktop_notification.terminal_notifier': Not used on non-Darwin systems
[3.205s] INFO:colcon.colcon_core.plugin_system:Skipping extension 'colcon_notification.desktop_notification.win32': Not used on non-Windows systems
[3.206s] INFO:colcon.colcon_notification.desktop_notification:Sending desktop notification using 'notify2'
[3.214s] DEBUG:colcon.colcon_core.event_reactor:joined thread
[3.235s] INFO:colcon.colcon_core.shell:Creating prefix script '/uolstore/home/users/sc21e2k/ros2_ws/src/ros2_project_sc21e2k/install/local_setup.ps1'
[3.239s] INFO:colcon.colcon_core.shell:Creating prefix util module '/uolstore/home/users/sc21e2k/ros2_ws/src/ros2_project_sc21e2k/install/_local_setup_util_ps1.py'
[3.244s] INFO:colcon.colcon_core.shell:Creating prefix chain script '/uolstore/home/users/sc21e2k/ros2_ws/src/ros2_project_sc21e2k/install/setup.ps1'
[3.282s] INFO:colcon.colcon_core.shell:Creating prefix script '/uolstore/home/users/sc21e2k/ros2_ws/src/ros2_project_sc21e2k/install/local_setup.sh'
[3.286s] INFO:colcon.colcon_core.shell:Creating prefix util module '/uolstore/home/users/sc21e2k/ros2_ws/src/ros2_project_sc21e2k/install/_local_setup_util_sh.py'
[3.290s] INFO:colcon.colcon_core.shell:Creating prefix chain script '/uolstore/home/users/sc21e2k/ros2_ws/src/ros2_project_sc21e2k/install/setup.sh'
[3.331s] INFO:colcon.colcon_core.shell:Creating prefix script '/uolstore/home/users/sc21e2k/ros2_ws/src/ros2_project_sc21e2k/install/local_setup.bash'
[3.335s] INFO:colcon.colcon_core.shell:Creating prefix chain script '/uolstore/home/users/sc21e2k/ros2_ws/src/ros2_project_sc21e2k/install/setup.bash'
[3.373s] INFO:colcon.colcon_core.shell:Creating prefix script '/uolstore/home/users/sc21e2k/ros2_ws/src/ros2_project_sc21e2k/install/local_setup.zsh'
[3.376s] INFO:colcon.colcon_core.shell:Creating prefix chain script '/uolstore/home/users/sc21e2k/ros2_ws/src/ros2_project_sc21e2k/install/setup.zsh'
