[0.959s] Invoking command in '/uolstore/home/users/sc21e2k/ros2_ws/src/ros2_project_sc21e2k': PYTHONPATH=/uolstore/home/users/sc21e2k/ros2_ws/src/ros2_project_sc21e2k/build/ros2_project_sc21e2k/prefix_override:/uolstore/home/users/sc21e2k/ros2_ws/src/ros2_project_sc21e2k/install/ros2_project_sc21e2k/lib/python3.10/site-packages:${PYTHONPATH} /usr/bin/python3 setup.py egg_info --egg-base build/ros2_project_sc21e2k build --build-base /uolstore/home/users/sc21e2k/ros2_ws/src/ros2_project_sc21e2k/build/ros2_project_sc21e2k/build install --record /uolstore/home/users/sc21e2k/ros2_ws/src/ros2_project_sc21e2k/build/ros2_project_sc21e2k/install.log --single-version-externally-managed
[1.239s] running egg_info
[1.240s] writing build/ros2_project_sc21e2k/ros2_project_sc21e2k.egg-info/PKG-INFO
[1.245s] writing dependency_links to build/ros2_project_sc21e2k/ros2_project_sc21e2k.egg-info/dependency_links.txt
[1.248s] writing entry points to build/ros2_project_sc21e2k/ros2_project_sc21e2k.egg-info/entry_points.txt
[1.252s] writing requirements to build/ros2_project_sc21e2k/ros2_project_sc21e2k.egg-info/requires.txt
[1.254s] writing top-level names to build/ros2_project_sc21e2k/ros2_project_sc21e2k.egg-info/top_level.txt
[1.266s] reading manifest file 'build/ros2_project_sc21e2k/ros2_project_sc21e2k.egg-info/SOURCES.txt'
[1.269s] writing manifest file 'build/ros2_project_sc21e2k/ros2_project_sc21e2k.egg-info/SOURCES.txt'
[1.271s] running build
[1.271s] running build_py
[1.276s] copying ros2_project_sc21e2k/first_step.py -> /uolstore/home/users/sc21e2k/ros2_ws/src/ros2_project_sc21e2k/build/ros2_project_sc21e2k/build/lib/ros2_project_sc21e2k
[1.281s] running install
[1.281s] running install_lib
[1.286s] copying /uolstore/home/users/sc21e2k/ros2_ws/src/ros2_project_sc21e2k/build/ros2_project_sc21e2k/build/lib/ros2_project_sc21e2k/first_step.py -> /uolstore/home/users/sc21e2k/ros2_ws/src/ros2_project_sc21e2k/install/ros2_project_sc21e2k/lib/python3.10/site-packages/ros2_project_sc21e2k
[1.295s] byte-compiling /uolstore/home/users/sc21e2k/ros2_ws/src/ros2_project_sc21e2k/install/ros2_project_sc21e2k/lib/python3.10/site-packages/ros2_project_sc21e2k/first_step.py to first_step.cpython-310.pyc
[1.303s] running install_data
[1.306s] running install_egg_info
[1.307s] removing '/uolstore/home/users/sc21e2k/ros2_ws/src/ros2_project_sc21e2k/install/ros2_project_sc21e2k/lib/python3.10/site-packages/ros2_project_sc21e2k-0.0.0-py3.10.egg-info' (and everything under it)
[1.317s] Copying build/ros2_project_sc21e2k/ros2_project_sc21e2k.egg-info to /uolstore/home/users/sc21e2k/ros2_ws/src/ros2_project_sc21e2k/install/ros2_project_sc21e2k/lib/python3.10/site-packages/ros2_project_sc21e2k-0.0.0-py3.10.egg-info
[1.365s] running install_scripts
[1.385s] Installing first_step script to /uolstore/home/users/sc21e2k/ros2_ws/src/ros2_project_sc21e2k/install/ros2_project_sc21e2k/lib/ros2_project_sc21e2k
[1.389s] writing list of installed files to '/uolstore/home/users/sc21e2k/ros2_ws/src/ros2_project_sc21e2k/build/ros2_project_sc21e2k/install.log'
[1.410s] Invoked command in '/uolstore/home/users/sc21e2k/ros2_ws/src/ros2_project_sc21e2k' returned '0': PYTHONPATH=/uolstore/home/users/sc21e2k/ros2_ws/src/ros2_project_sc21e2k/build/ros2_project_sc21e2k/prefix_override:/uolstore/home/users/sc21e2k/ros2_ws/src/ros2_project_sc21e2k/install/ros2_project_sc21e2k/lib/python3.10/site-packages:${PYTHONPATH} /usr/bin/python3 setup.py egg_info --egg-base build/ros2_project_sc21e2k build --build-base /uolstore/home/users/sc21e2k/ros2_ws/src/ros2_project_sc21e2k/build/ros2_project_sc21e2k/build install --record /uolstore/home/users/sc21e2k/ros2_ws/src/ros2_project_sc21e2k/build/ros2_project_sc21e2k/install.log --single-version-externally-managed
