[0.887s] Invoking command in '/uolstore/home/users/sc21e2k/ros2_ws/src/ros2_project_sc21e2k': PYTHONPATH=/uolstore/home/users/sc21e2k/ros2_ws/src/ros2_project_sc21e2k/build/ros2_project_sc21e2k/prefix_override:/uolstore/home/users/sc21e2k/ros2_ws/src/ros2_project_sc21e2k/install/ros2_project_sc21e2k/lib/python3.10/site-packages:${PYTHONPATH} /usr/bin/python3 setup.py egg_info --egg-base build/ros2_project_sc21e2k build --build-base /uolstore/home/users/sc21e2k/ros2_ws/src/ros2_project_sc21e2k/build/ros2_project_sc21e2k/build install --record /uolstore/home/users/sc21e2k/ros2_ws/src/ros2_project_sc21e2k/build/ros2_project_sc21e2k/install.log --single-version-externally-managed
[1.147s] running egg_info
[1.148s] writing build/ros2_project_sc21e2k/ros2_project_sc21e2k.egg-info/PKG-INFO
[1.153s] writing dependency_links to build/ros2_project_sc21e2k/ros2_project_sc21e2k.egg-info/dependency_links.txt
[1.160s] writing entry points to build/ros2_project_sc21e2k/ros2_project_sc21e2k.egg-info/entry_points.txt
[1.167s] writing requirements to build/ros2_project_sc21e2k/ros2_project_sc21e2k.egg-info/requires.txt
[1.170s] writing top-level names to build/ros2_project_sc21e2k/ros2_project_sc21e2k.egg-info/top_level.txt
[1.176s] reading manifest file 'build/ros2_project_sc21e2k/ros2_project_sc21e2k.egg-info/SOURCES.txt'
[1.179s] writing manifest file 'build/ros2_project_sc21e2k/ros2_project_sc21e2k.egg-info/SOURCES.txt'
[1.181s] running build
[1.181s] running build_py
[1.182s] copying ros2_project_sc21e2k/first_step.py -> /uolstore/home/users/sc21e2k/ros2_ws/src/ros2_project_sc21e2k/build/ros2_project_sc21e2k/build/lib/ros2_project_sc21e2k
[1.190s] running install
[1.191s] running install_lib
[1.194s] copying /uolstore/home/users/sc21e2k/ros2_ws/src/ros2_project_sc21e2k/build/ros2_project_sc21e2k/build/lib/ros2_project_sc21e2k/first_step.py -> /uolstore/home/users/sc21e2k/ros2_ws/src/ros2_project_sc21e2k/install/ros2_project_sc21e2k/lib/python3.10/site-packages/ros2_project_sc21e2k
[1.200s] byte-compiling /uolstore/home/users/sc21e2k/ros2_ws/src/ros2_project_sc21e2k/install/ros2_project_sc21e2k/lib/python3.10/site-packages/ros2_project_sc21e2k/first_step.py to first_step.cpython-310.pyc
[1.208s] running install_data
[1.209s] running install_egg_info
[1.210s] removing '/uolstore/home/users/sc21e2k/ros2_ws/src/ros2_project_sc21e2k/install/ros2_project_sc21e2k/lib/python3.10/site-packages/ros2_project_sc21e2k-0.0.0-py3.10.egg-info' (and everything under it)
[1.220s] Copying build/ros2_project_sc21e2k/ros2_project_sc21e2k.egg-info to /uolstore/home/users/sc21e2k/ros2_ws/src/ros2_project_sc21e2k/install/ros2_project_sc21e2k/lib/python3.10/site-packages/ros2_project_sc21e2k-0.0.0-py3.10.egg-info
[1.265s] running install_scripts
[1.281s] Installing first_step script to /uolstore/home/users/sc21e2k/ros2_ws/src/ros2_project_sc21e2k/install/ros2_project_sc21e2k/lib/ros2_project_sc21e2k
[1.285s] writing list of installed files to '/uolstore/home/users/sc21e2k/ros2_ws/src/ros2_project_sc21e2k/build/ros2_project_sc21e2k/install.log'
[1.305s] Invoked command in '/uolstore/home/users/sc21e2k/ros2_ws/src/ros2_project_sc21e2k' returned '0': PYTHONPATH=/uolstore/home/users/sc21e2k/ros2_ws/src/ros2_project_sc21e2k/build/ros2_project_sc21e2k/prefix_override:/uolstore/home/users/sc21e2k/ros2_ws/src/ros2_project_sc21e2k/install/ros2_project_sc21e2k/lib/python3.10/site-packages:${PYTHONPATH} /usr/bin/python3 setup.py egg_info --egg-base build/ros2_project_sc21e2k build --build-base /uolstore/home/users/sc21e2k/ros2_ws/src/ros2_project_sc21e2k/build/ros2_project_sc21e2k/build install --record /uolstore/home/users/sc21e2k/ros2_ws/src/ros2_project_sc21e2k/build/ros2_project_sc21e2k/install.log --single-version-externally-managed
